{
  "RSpec": {
    "coverage": {
      "/Users/susanwere/Desktop/Projects/RubyOnRails/TestingApp/app/helpers/application_helper.rb": [
        null,
        null,
        1,
        null
      ],
      "/Users/susanwere/Desktop/Projects/RubyOnRails/TestingApp/app/helpers/products_helper.rb": [
        null,
        null,
        1,
        null
      ],
      "/Users/susanwere/Desktop/Projects/RubyOnRails/TestingApp/app/controllers/products_controller.rb": [
        null,
        null,
        1,
        1,
        null,
        null,
        null,
        1,
        2,
        null,
        null,
        null,
        null,
        1,
        null,
        null,
        1,
        1,
        null,
        null,
        null,
        1,
        null,
        null,
        null,
        1,
        3,
        null,
        3,
        3,
        4,
        2,
        null,
        2,
        1,
        null,
        null,
        null,
        null,
        null,
        null,
        1,
        3,
        3,
        4,
        2,
        null,
        2,
        1,
        null,
        null,
        null,
        null,
        null,
        null,
        1,
        2,
        2,
        4,
        2,
        null,
        null,
        null,
        1,
        null,
        null,
        1,
        7,
        null,
        null,
        null,
        1,
        6,
        null,
        null
      ],
      "/Users/susanwere/Desktop/Projects/RubyOnRails/TestingApp/app/controllers/application_controller.rb": [
        null,
        null,
        1,
        null
      ],
      "/Users/susanwere/Desktop/Projects/RubyOnRails/TestingApp/app/models/product.rb": [
        null,
        null,
        1,
        1,
        1,
        1,
        null
      ],
      "/Users/susanwere/Desktop/Projects/RubyOnRails/TestingApp/app/models/application_record.rb": [
        null,
        null,
        1,
        1,
        null
      ],
      "/Users/susanwere/Desktop/Projects/RubyOnRails/TestingApp/app/mailers/application_mailer.rb": [
        null,
        null,
        0,
        0,
        0,
        0
      ],
      "/Users/susanwere/Desktop/Projects/RubyOnRails/TestingApp/app/jobs/application_job.rb": [
        null,
        null,
        0,
        0
      ],
      "/Users/susanwere/Desktop/Projects/RubyOnRails/TestingApp/app/channels/application_cable/connection.rb": [
        null,
        null,
        0,
        0,
        0,
        0
      ],
      "/Users/susanwere/Desktop/Projects/RubyOnRails/TestingApp/app/channels/application_cable/channel.rb": [
        null,
        null,
        0,
        0,
        0,
        0
      ]
    },
    "timestamp": 1555503861
  }
}
